  [4;36;1mSQL (0.1ms)[0m   [0;1mSET NAMES 'utf8'[0m
  [4;35;1mSQL (0.1ms)[0m   [0mSET SQL_AUTO_IS_NULL=0[0m
  [4;36;1mSQL (0.3ms)[0m   [0;1mSHOW TABLES[0m
  [4;35;1mSQL (154.5ms)[0m   [0mCREATE TABLE `schema_migrations` (`version` varchar(255) NOT NULL) ENGINE=InnoDB[0m
  [4;36;1mSQL (0.5ms)[0m   [0;1mSHOW KEYS FROM `schema_migrations`[0m
  [4;35;1mSQL (151.6ms)[0m   [0mCREATE UNIQUE INDEX `unique_schema_migrations` ON `schema_migrations` (`version`)[0m
  [4;36;1mSQL (0.4ms)[0m   [0;1mSHOW TABLES[0m
  [4;35;1mSQL (0.4ms)[0m   [0mSELECT version FROM schema_migrations[0m
Migrating to CreateUsuarios (20101124110813)
  [4;36;1mSQL (134.9ms)[0m   [0;1mCREATE TABLE `usuarios` (`id` int(11) DEFAULT NULL auto_increment PRIMARY KEY, `nome` varchar(255), `telefone` int(11), `email` varchar(255), `idade` int(11), `created_at` datetime, `updated_at` datetime) ENGINE=InnoDB[0m
  [4;35;1mSQL (0.9ms)[0m   [0mINSERT INTO schema_migrations (version) VALUES ('20101124110813')[0m
  [4;36;1mSQL (0.4ms)[0m   [0;1mSHOW TABLES[0m
  [4;35;1mSQL (0.2ms)[0m   [0mSELECT version FROM schema_migrations[0m
  [4;36;1mSQL (0.2ms)[0m   [0;1mSHOW TABLES[0m
  [4;35;1mSQL (1.6ms)[0m   [0mSHOW FIELDS FROM `usuarios`[0m
  [4;36;1mSQL (2.2ms)[0m   [0;1mdescribe `usuarios`[0m
  [4;35;1mSQL (1.4ms)[0m   [0mSHOW KEYS FROM `usuarios`[0m
  [4;36;1mSQL (0.1ms)[0m   [0;1mSET NAMES 'utf8'[0m
  [4;35;1mSQL (0.1ms)[0m   [0mSET SQL_AUTO_IS_NULL=0[0m


Processing ApplicationController#index (for 127.0.0.1 at 2010-11-24 09:34:41) [GET]

NameError (uninitialized constant UsersController):
  

Rendered rescues/_trace (25.4ms)
Rendered rescues/_request_and_response (1.1ms)
Rendering rescues/layout (internal_server_error)
  [4;36;1mSQL (0.1ms)[0m   [0;1mSET NAMES 'utf8'[0m
  [4;35;1mSQL (0.1ms)[0m   [0mSET SQL_AUTO_IS_NULL=0[0m


Processing ApplicationController#index (for 127.0.0.1 at 2010-11-24 09:34:48) [GET]

NameError (uninitialized constant UserController):
  

Rendered rescues/_trace (25.7ms)
Rendered rescues/_request_and_response (0.3ms)
Rendering rescues/layout (internal_server_error)
  [4;36;1mSQL (0.1ms)[0m   [0;1mSET NAMES 'utf8'[0m
  [4;35;1mSQL (0.1ms)[0m   [0mSET SQL_AUTO_IS_NULL=0[0m


Processing UsuariosController#index (for 127.0.0.1 at 2010-11-24 09:34:57) [GET]
  [4;36;1mUsuario Load (0.3ms)[0m   [0;1mSELECT * FROM `usuarios` [0m
Rendering template within layouts/application
Rendering usuarios/index
Completed in 16ms (View: 12, DB: 1) | 200 OK [http://localhost/]
  [4;35;1mSQL (0.1ms)[0m   [0mSET NAMES 'utf8'[0m
  [4;36;1mSQL (0.1ms)[0m   [0;1mSET SQL_AUTO_IS_NULL=0[0m


Processing UsuariosController#new (for 127.0.0.1 at 2010-11-24 09:35:00) [GET]
  [4;35;1mUsuario Columns (1.5ms)[0m   [0mSHOW FIELDS FROM `usuarios`[0m
Rendering template within layouts/application
Rendering usuarios/new
Completed in 67ms (View: 61, DB: 2) | 200 OK [http://localhost/usuarios/new]
  [4;36;1mSQL (0.1ms)[0m   [0;1mSET NAMES 'utf8'[0m
  [4;35;1mSQL (0.1ms)[0m   [0mSET SQL_AUTO_IS_NULL=0[0m


Processing UsuariosController#new (for 127.0.0.1 at 2010-11-24 09:36:10) [GET]
  [4;36;1mUsuario Columns (1.8ms)[0m   [0;1mSHOW FIELDS FROM `usuarios`[0m
Rendering template within layouts/application
Rendering usuarios/new
Completed in 22ms (View: 16, DB: 2) | 200 OK [http://localhost/usuarios/new]
  [4;35;1mSQL (0.1ms)[0m   [0mSET NAMES 'utf8'[0m
  [4;36;1mSQL (0.1ms)[0m   [0;1mSET SQL_AUTO_IS_NULL=0[0m


Processing UsuariosController#create (for 127.0.0.1 at 2010-11-24 09:36:12) [POST]
  Parameters: {"commit"=>"Create", "authenticity_token"=>"wFttEkEpM8yiLPYYcsM/33aKQ0myBSNrXd0fK3Mig40=", "usuario"=>{"telefone"=>"", "nome"=>"", "idade"=>"", "email"=>""}}
  [4;35;1mUsuario Columns (1.7ms)[0m   [0mSHOW FIELDS FROM `usuarios`[0m
  [4;36;1mSQL (46.3ms)[0m   [0;1mBEGIN[0m
  [4;35;1mUsuario Create (0.2ms)[0m   [0mINSERT INTO `usuarios` (`telefone`, `created_at`, `nome`, `updated_at`, `idade`, `email`) VALUES(NULL, '2010-11-24 11:36:12', '', '2010-11-24 11:36:12', NULL, '')[0m
  [4;36;1mSQL (0.8ms)[0m   [0;1mCOMMIT[0m
Redirected to http://localhost:3000/usuarios/1
Completed in 57ms (DB: 49) | 302 Found [http://localhost/usuarios]
  [4;35;1mSQL (0.1ms)[0m   [0mSET NAMES 'utf8'[0m
  [4;36;1mSQL (0.1ms)[0m   [0;1mSET SQL_AUTO_IS_NULL=0[0m


Processing UsuariosController#show (for 127.0.0.1 at 2010-11-24 09:36:12) [GET]
  Parameters: {"id"=>"1"}
  [4;35;1mUsuario Columns (37.8ms)[0m   [0mSHOW FIELDS FROM `usuarios`[0m
  [4;36;1mUsuario Load (1.9ms)[0m   [0;1mSELECT * FROM `usuarios` WHERE (`usuarios`.`id` = 1) [0m
Rendering template within layouts/application
Rendering usuarios/show
Completed in 53ms (View: 9, DB: 40) | 200 OK [http://localhost/usuarios/1]
  [4;35;1mSQL (0.2ms)[0m   [0mSET NAMES 'utf8'[0m
  [4;36;1mSQL (0.1ms)[0m   [0;1mSET SQL_AUTO_IS_NULL=0[0m


Processing UsuariosController#index (for 127.0.0.1 at 2010-11-24 09:36:14) [GET]
  [4;35;1mUsuario Load (0.3ms)[0m   [0mSELECT * FROM `usuarios` [0m
Rendering template within layouts/application
Rendering usuarios/index
  [4;36;1mUsuario Columns (1.7ms)[0m   [0;1mSHOW FIELDS FROM `usuarios`[0m
Completed in 11ms (View: 6, DB: 2) | 200 OK [http://localhost/usuarios]
  [4;35;1mSQL (0.1ms)[0m   [0mSET NAMES 'utf8'[0m
  [4;36;1mSQL (0.1ms)[0m   [0;1mSET SQL_AUTO_IS_NULL=0[0m


Processing UsuariosController#destroy (for 127.0.0.1 at 2010-11-24 09:36:17) [DELETE]
  Parameters: {"authenticity_token"=>"wFttEkEpM8yiLPYYcsM/33aKQ0myBSNrXd0fK3Mig40=", "id"=>"1"}
  [4;35;1mUsuario Columns (1.7ms)[0m   [0mSHOW FIELDS FROM `usuarios`[0m
  [4;36;1mUsuario Load (49.6ms)[0m   [0;1mSELECT * FROM `usuarios` WHERE (`usuarios`.`id` = 1) [0m
  [4;35;1mSQL (0.1ms)[0m   [0mBEGIN[0m
  [4;36;1mUsuario Destroy (0.3ms)[0m   [0;1mDELETE FROM `usuarios` WHERE `id` = 1[0m
  [4;35;1mSQL (0.7ms)[0m   [0mCOMMIT[0m
Redirected to http://localhost:3000/usuarios
Completed in 62ms (DB: 52) | 302 Found [http://localhost/usuarios/1]
  [4;36;1mSQL (0.1ms)[0m   [0;1mSET NAMES 'utf8'[0m
  [4;35;1mSQL (0.1ms)[0m   [0mSET SQL_AUTO_IS_NULL=0[0m


Processing UsuariosController#index (for 127.0.0.1 at 2010-11-24 09:36:17) [GET]
  [4;36;1mUsuario Load (0.3ms)[0m   [0;1mSELECT * FROM `usuarios` [0m
Rendering template within layouts/application
Rendering usuarios/index
Completed in 5ms (View: 1, DB: 0) | 200 OK [http://localhost/usuarios]
  [4;35;1mSQL (0.1ms)[0m   [0mSET NAMES 'utf8'[0m
  [4;36;1mSQL (0.1ms)[0m   [0;1mSET SQL_AUTO_IS_NULL=0[0m


Processing UsuariosController#new (for 127.0.0.1 at 2010-11-24 09:36:19) [GET]
  [4;35;1mUsuario Columns (1.6ms)[0m   [0mSHOW FIELDS FROM `usuarios`[0m
Rendering template within layouts/application
Rendering usuarios/new
Completed in 14ms (View: 8, DB: 2) | 200 OK [http://localhost/usuarios/new]
  [4;36;1mSQL (0.1ms)[0m   [0;1mSET NAMES 'utf8'[0m
  [4;35;1mSQL (0.1ms)[0m   [0mSET SQL_AUTO_IS_NULL=0[0m


Processing UsuariosController#new (for 127.0.0.1 at 2010-11-24 09:37:21) [GET]
  [4;36;1mUsuario Columns (1.8ms)[0m   [0;1mSHOW FIELDS FROM `usuarios`[0m
Rendering template within layouts/application
Rendering usuarios/new
Completed in 24ms (View: 18, DB: 2) | 200 OK [http://localhost/usuarios/new]
  [4;35;1mSQL (0.1ms)[0m   [0mSET NAMES 'utf8'[0m
  [4;36;1mSQL (0.1ms)[0m   [0;1mSET SQL_AUTO_IS_NULL=0[0m


Processing UsuariosController#new (for 127.0.0.1 at 2010-11-24 09:37:22) [GET]
  [4;35;1mUsuario Columns (1.8ms)[0m   [0mSHOW FIELDS FROM `usuarios`[0m
Rendering template within layouts/application
Rendering usuarios/new
Completed in 13ms (View: 7, DB: 2) | 200 OK [http://localhost/usuarios/new]
  [4;36;1mSQL (0.2ms)[0m   [0;1mSET NAMES 'utf8'[0m
  [4;35;1mSQL (0.1ms)[0m   [0mSET SQL_AUTO_IS_NULL=0[0m


Processing UsuariosController#new (for 127.0.0.1 at 2010-11-24 09:38:51) [GET]
  [4;36;1mUsuario Columns (1.8ms)[0m   [0;1mSHOW FIELDS FROM `usuarios`[0m
Rendering template within layouts/application
Rendering usuarios/new
Completed in 13ms (View: 7, DB: 2) | 200 OK [http://localhost/usuarios/new]
  [4;35;1mSQL (0.1ms)[0m   [0mSET NAMES 'utf8'[0m
  [4;36;1mSQL (0.1ms)[0m   [0;1mSET SQL_AUTO_IS_NULL=0[0m


Processing UsuariosController#new (for 127.0.0.1 at 2010-11-24 09:40:28) [GET]
  [4;35;1mUsuario Columns (1.8ms)[0m   [0mSHOW FIELDS FROM `usuarios`[0m
Rendering template within layouts/application
Rendering usuarios/new
Completed in 60ms (View: 54, DB: 2) | 200 OK [http://localhost/usuarios/new]
  [4;36;1mSQL (0.1ms)[0m   [0;1mSET NAMES 'utf8'[0m
  [4;35;1mSQL (0.1ms)[0m   [0mSET SQL_AUTO_IS_NULL=0[0m


Processing UsuariosController#new (for 127.0.0.1 at 2010-11-24 09:41:49) [GET]
  [4;36;1mUsuario Columns (1.6ms)[0m   [0;1mSHOW FIELDS FROM `usuarios`[0m
Rendering template within layouts/application
Rendering usuarios/new
Completed in 81ms (View: 12, DB: 2) | 200 OK [http://localhost/usuarios/new]
  [4;35;1mSQL (0.1ms)[0m   [0mSET NAMES 'utf8'[0m
  [4;36;1mSQL (0.1ms)[0m   [0;1mSET SQL_AUTO_IS_NULL=0[0m


Processing UsuariosController#new (for 127.0.0.1 at 2010-11-24 09:42:42) [GET]
  [4;35;1mUsuario Columns (1.6ms)[0m   [0mSHOW FIELDS FROM `usuarios`[0m
Rendering template within layouts/application
Rendering usuarios/new
Completed in 17ms (View: 11, DB: 2) | 200 OK [http://localhost/usuarios/new]
  [4;36;1mSQL (0.1ms)[0m   [0;1mSET NAMES 'utf8'[0m
  [4;35;1mSQL (0.1ms)[0m   [0mSET SQL_AUTO_IS_NULL=0[0m


Processing UsuariosController#new (for 127.0.0.1 at 2010-11-24 09:44:11) [GET]
  [4;36;1mUsuario Columns (1.7ms)[0m   [0;1mSHOW FIELDS FROM `usuarios`[0m
Rendering template within layouts/application
Rendering usuarios/new
Completed in 57ms (View: 51, DB: 2) | 200 OK [http://localhost/usuarios/new]
  [4;35;1mSQL (0.1ms)[0m   [0mSET NAMES 'utf8'[0m
  [4;36;1mSQL (0.1ms)[0m   [0;1mSET SQL_AUTO_IS_NULL=0[0m


Processing UsuariosController#new (for 127.0.0.1 at 2010-11-24 10:02:34) [GET]
  [4;35;1mUsuario Columns (1.8ms)[0m   [0mSHOW FIELDS FROM `usuarios`[0m
Rendering template within layouts/application
Rendering usuarios/new
Completed in 64ms (View: 58, DB: 2) | 200 OK [http://localhost/usuarios/new]
  [4;36;1mSQL (0.1ms)[0m   [0;1mSET NAMES 'utf8'[0m
  [4;35;1mSQL (0.1ms)[0m   [0mSET SQL_AUTO_IS_NULL=0[0m


Processing UsuariosController#new (for 127.0.0.1 at 2010-11-24 10:02:53) [GET]
  [4;36;1mUsuario Columns (2.5ms)[0m   [0;1mSHOW FIELDS FROM `usuarios`[0m
Rendering template within layouts/application
Rendering usuarios/new
Completed in 17ms (View: 8, DB: 3) | 200 OK [http://localhost/usuarios/new]
